25       0       0       1       0       0       0       0       0
P3/PATRAN --------------------
26       0       0       1       0       0       0       0       0
 26-10-19   21:52:17         3.0
31       1       0       1       0       0       0       0       0
  0.100000000E+4  0.000000000E+0  0.000000000E+0
31       2       0       1       0       0       0       0       0
  0.987799011E+3  0.219299984E+1  0.000000000E+0
31       3       0       1       0       0       0       0       0
  0.968557983E+3  0.560699987E+1  0.000000000E+0
31       4       0       1       0       0       0       0       0
  0.948283020E+3  0.914699936E+1  0.000000000E+0
31       5       0       1       0       0       0       0       0
  0.927196960E+3  0.127800007E+2  0.000000000E+0
31       6       0       1       0       0       0       0       0
  0.905557983E+3  0.165090008E+2  0.000000000E+0
31       7       0       1       0       0       0       0       0
  0.883530029E+3  0.203649998E+2  0.000000000E+0
31       8       0       1       0       0       0       0       0
  0.861177979E+3  0.243230000E+2  0.000000000E+0
31       9       0       1       0       0       0       0       0
  0.838580017E+3  0.283199997E+2  0.000000000E+0
31      10       0       1       0       0       0       0       0
  0.815853027E+3  0.323069992E+2  0.000000000E+0
31      11       0       1       0       0       0       0       0
  0.793102051E+3  0.362589989E+2  0.000000000E+0
31      12       0       1       0       0       0       0       0
  0.770398987E+3  0.401519966E+2  0.000000000E+0
31      13       0       1       0       0       0       0       0
  0.747783020E+3  0.439580002E+2  0.000000000E+0
31      14       0       1       0       0       0       0       0
  0.725265991E+3  0.476529999E+2  0.000000000E+0
31      15       0       1       0       0       0       0       0
  0.702854980E+3  0.512200012E+2  0.000000000E+0
31      16       0       1       0       0       0       0       0
  0.680559998E+3  0.546430016E+2  0.000000000E+0
31      17       0       1       0       0       0       0       0
  0.658384949E+3  0.579049988E+2  0.000000000E+0
31      18       0       1       0       0       0       0       0
  0.636315002E+3  0.609910011E+2  0.000000000E+0
31      19       0       1       0       0       0       0       0
  0.614332031E+3  0.638929977E+2  0.000000000E+0
31      20       0       1       0       0       0       0       0
  0.592451965E+3  0.666050034E+2  0.000000000E+0
31      21       0       1       0       0       0       0       0
  0.570705017E+3  0.691059952E+2  0.000000000E+0
31      22       0       1       0       0       0       0       0
  0.549073975E+3  0.713730011E+2  0.000000000E+0
31      23       0       1       0       0       0       0       0
  0.527479004E+3  0.733990021E+2  0.000000000E+0
31      24       0       1       0       0       0       0       0
  0.505877960E+3  0.752099991E+2  0.000000000E+0
31      25       0       1       0       0       0       0       0
  0.484358002E+3  0.768249969E+2  0.000000000E+0
31      26       0       1       0       0       0       0       0
  0.463036011E+3  0.782080002E+2  0.000000000E+0
31      27       0       1       0       0       0       0       0
  0.441923004E+3  0.793080063E+2  0.000000000E+0
31      28       0       1       0       0       0       0       0
  0.420935974E+3  0.801040039E+2  0.000000000E+0
31      29       0       1       0       0       0       0       0
  0.400023010E+3  0.806069946E+2  0.000000000E+0
31      30       0       1       0       0       0       0       0
  0.379198029E+3  0.808199997E+2  0.000000000E+0
31      31       0       1       0       0       0       0       0
  0.358500000E+3  0.807350006E+2  0.000000000E+0
31      32       0       1       0       0       0       0       0
  0.337937012E+3  0.803440018E+2  0.000000000E+0
31      33       0       1       0       0       0       0       0
  0.317501007E+3  0.796469955E+2  0.000000000E+0
31      34       0       1       0       0       0       0       0
  0.297218994E+3  0.786539993E+2  0.000000000E+0
31      35       0       1       0       0       0       0       0
  0.277156006E+3  0.773790054E+2  0.000000000E+0
31      36       0       1       0       0       0       0       0
  0.257398987E+3  0.758310013E+2  0.000000000E+0
31      37       0       1       0       0       0       0       0
  0.238037003E+3  0.740240021E+2  0.000000000E+0
31      38       0       1       0       0       0       0       0
  0.219171005E+3  0.719780045E+2  0.000000000E+0
31      39       0       1       0       0       0       0       0
  0.200947006E+3  0.697270050E+2  0.000000000E+0
31      40       0       1       0       0       0       0       0
  0.183529999E+3  0.673120041E+2  0.000000000E+0
31      41       0       1       0       0       0       0       0
  0.167061996E+3  0.647740021E+2  0.000000000E+0
31      42       0       1       0       0       0       0       0
  0.151630005E+3  0.621519966E+2  0.000000000E+0
31      43       0       1       0       0       0       0       0
  0.137261002E+3  0.594799995E+2  0.000000000E+0
31      44       0       1       0       0       0       0       0
  0.123973000E+3  0.567910004E+2  0.000000000E+0
31      45       0       1       0       0       0       0       0
  0.111795998E+3  0.541209984E+2  0.000000000E+0
31      46       0       1       0       0       0       0       0
  0.100730003E+3  0.515079994E+2  0.000000000E+0
31      47       0       1       0       0       0       0       0
  0.907200012E+2  0.489780006E+2  0.000000000E+0
31      48       0       1       0       0       0       0       0
  0.816790009E+2  0.465379982E+2  0.000000000E+0
31      49       0       1       0       0       0       0       0
  0.735019989E+2  0.441850014E+2  0.000000000E+0
31      50       0       1       0       0       0       0       0
  0.660820007E+2  0.419140015E+2  0.000000000E+0
31      51       0       1       0       0       0       0       0
  0.593230019E+2  0.397160034E+2  0.000000000E+0
31      52       0       1       0       0       0       0       0
  0.531419983E+2  0.375850029E+2  0.000000000E+0
31      53       0       1       0       0       0       0       0
  0.474679985E+2  0.355139999E+2  0.000000000E+0
31      54       0       1       0       0       0       0       0
  0.422379990E+2  0.334980011E+2  0.000000000E+0
31      55       0       1       0       0       0       0       0
  0.374039993E+2  0.315239983E+2  0.000000000E+0
31      56       0       1       0       0       0       0       0
  0.329280014E+2  0.295860004E+2  0.000000000E+0
31      57       0       1       0       0       0       0       0
  0.287730007E+2  0.276770000E+2  0.000000000E+0
31      58       0       1       0       0       0       0       0
  0.249109993E+2  0.257959995E+2  0.000000000E+0
31      59       0       1       0       0       0       0       0
  0.213129997E+2  0.239390011E+2  0.000000000E+0
31      60       0       1       0       0       0       0       0
  0.179670010E+2  0.220939999E+2  0.000000000E+0
31      61       0       1       0       0       0       0       0
  0.148710003E+2  0.202380009E+2  0.000000000E+0
31      62       0       1       0       0       0       0       0
  0.120179996E+2  0.183500004E+2  0.000000000E+0
31      63       0       1       0       0       0       0       0
  0.939899921E+1  0.164180012E+2  0.000000000E+0
31      64       0       1       0       0       0       0       0
  0.700500011E+1  0.144270000E+2  0.000000000E+0
31      65       0       1       0       0       0       0       0
  0.482800007E+1  0.123690004E+2  0.000000000E+0
31      66       0       1       0       0       0       0       0
  0.297900009E+1  0.102019997E+2  0.000000000E+0
31      67       0       1       0       0       0       0       0
  0.160399997E+1  0.787600040E+1  0.000000000E+0
31      68       0       1       0       0       0       0       0
  0.674000025E+0  0.539499998E+1  0.000000000E+0
31      69       0       1       0       0       0       0       0
  0.150000006E+0  0.276799989E+1  0.000000000E+0
31      70       0       1       0       0       0       0       0
  0.299999993E-1  0.140900004E+1  0.000000000E+0
31      71       0       1       0       0       0       0       0
  0.000000000E+0  0.000000000E+0  0.000000000E+0
31      72       0       1       0       0       0       0       0
  0.112000000E+1 -0.236500001E+1  0.000000000E+0
31      73       0       1       0       0       0       0       0
  0.245900011E+1 -0.449599981E+1  0.000000000E+0
31      74       0       1       0       0       0       0       0
  0.409100008E+1 -0.647200012E+1  0.000000000E+0
31      75       0       1       0       0       0       0       0
  0.602799988E+1 -0.824499989E+1  0.000000000E+0
31      76       0       1       0       0       0       0       0
  0.829800034E+1 -0.980399990E+1  0.000000000E+0
31      77       0       1       0       0       0       0       0
  0.108279991E+2 -0.111929998E+2  0.000000000E+0
31      78       0       1       0       0       0       0       0
  0.135509996E+2 -0.124689999E+2  0.000000000E+0
31      79       0       1       0       0       0       0       0
  0.164659996E+2 -0.136590004E+2  0.000000000E+0
31      80       0       1       0       0       0       0       0
  0.195780010E+2 -0.147830000E+2  0.000000000E+0
31      81       0       1       0       0       0       0       0
  0.229010010E+2 -0.158539991E+2  0.000000000E+0
31      82       0       1       0       0       0       0       0
  0.264449997E+2 -0.168880005E+2  0.000000000E+0
31      83       0       1       0       0       0       0       0
  0.302230015E+2 -0.179060001E+2  0.000000000E+0
31      84       0       1       0       0       0       0       0
  0.342530022E+2 -0.189169998E+2  0.000000000E+0
31      85       0       1       0       0       0       0       0
  0.385629997E+2 -0.199239998E+2  0.000000000E+0
31      86       0       1       0       0       0       0       0
  0.431829987E+2 -0.209270000E+2  0.000000000E+0
31      87       0       1       0       0       0       0       0
  0.481490021E+2 -0.219300003E+2  0.000000000E+0
31      88       0       1       0       0       0       0       0
  0.535020027E+2 -0.229419994E+2  0.000000000E+0
31      89       0       1       0       0       0       0       0
  0.592910004E+2 -0.239689999E+2  0.000000000E+0
31      90       0       1       0       0       0       0       0
  0.655800018E+2 -0.250130005E+2  0.000000000E+0
31      91       0       1       0       0       0       0       0
  0.724399948E+2 -0.260730000E+2  0.000000000E+0
31      92       0       1       0       0       0       0       0
  0.799589996E+2 -0.271470013E+2  0.000000000E+0
31      93       0       1       0       0       0       0       0
  0.882389984E+2 -0.282349987E+2  0.000000000E+0
31      94       0       1       0       0       0       0       0
  0.973989944E+2 -0.293390007E+2  0.000000000E+0
31      95       0       1       0       0       0       0       0
  0.107556999E+3 -0.304619999E+2  0.000000000E+0
31      96       0       1       0       0       0       0       0
  0.118812004E+3 -0.316009998E+2  0.000000000E+0
31      97       0       1       0       0       0       0       0
  0.131225006E+3 -0.327409973E+2  0.000000000E+0
31      98       0       1       0       0       0       0       0
  0.144798996E+3 -0.338639984E+2  0.000000000E+0
31      99       0       1       0       0       0       0       0
  0.159503998E+3 -0.349519997E+2  0.000000000E+0
31     100       0       1       0       0       0       0       0
  0.175318008E+3 -0.359879990E+2  0.000000000E+0
31     101       0       1       0       0       0       0       0
  0.192192001E+3 -0.369459991E+2  0.000000000E+0
31     102       0       1       0       0       0       0       0
  0.210020004E+3 -0.377959976E+2  0.000000000E+0
31     103       0       1       0       0       0       0       0
  0.228653992E+3 -0.385150032E+2  0.000000000E+0
31     104       0       1       0       0       0       0       0
  0.247923996E+3 -0.390900002E+2  0.000000000E+0
31     105       0       1       0       0       0       0       0
  0.267670013E+3 -0.395100021E+2  0.000000000E+0
31     106       0       1       0       0       0       0       0
  0.287761017E+3 -0.397659988E+2  0.000000000E+0
31     107       0       1       0       0       0       0       0
  0.308088013E+3 -0.398450012E+2  0.000000000E+0
31     108       0       1       0       0       0       0       0
  0.328571991E+3 -0.397369995E+2  0.000000000E+0
31     109       0       1       0       0       0       0       0
  0.349167999E+3 -0.394300003E+2  0.000000000E+0
31     110       0       1       0       0       0       0       0
  0.369867004E+3 -0.389139977E+2  0.000000000E+0
31     111       0       1       0       0       0       0       0
  0.390682007E+3 -0.381960030E+2  0.000000000E+0
31     112       0       1       0       0       0       0       0
  0.411612976E+3 -0.372840004E+2  0.000000000E+0
31     113       0       1       0       0       0       0       0
  0.432654999E+3 -0.361899986E+2  0.000000000E+0
31     114       0       1       0       0       0       0       0
  0.453804993E+3 -0.349220009E+2  0.000000000E+0
31     115       0       1       0       0       0       0       0
  0.475067993E+3 -0.334930000E+2  0.000000000E+0
31     116       0       1       0       0       0       0       0
  0.496436005E+3 -0.319160004E+2  0.000000000E+0
31     117       0       1       0       0       0       0       0
  0.517885986E+3 -0.302049999E+2  0.000000000E+0
31     118       0       1       0       0       0       0       0
  0.539394958E+3 -0.283700008E+2  0.000000000E+0
31     119       0       1       0       0       0       0       0
  0.560972961E+3 -0.264130001E+2  0.000000000E+0
31     120       0       1       0       0       0       0       0
  0.582645996E+3 -0.243710003E+2  0.000000000E+0
31     121       0       1       0       0       0       0       0
  0.604356995E+3 -0.223160000E+2  0.000000000E+0
31     122       0       1       0       0       0       0       0
  0.625962036E+3 -0.202800007E+2  0.000000000E+0
31     123       0       1       0       0       0       0       0
  0.647380981E+3 -0.181800003E+2  0.000000000E+0
31     124       0       1       0       0       0       0       0
  0.668684021E+3 -0.159380007E+2  0.000000000E+0
31     125       0       1       0       0       0       0       0
  0.690006958E+3 -0.136259995E+2  0.000000000E+0
31     126       0       1       0       0       0       0       0
  0.711427979E+3 -0.113669996E+2  0.000000000E+0
31     127       0       1       0       0       0       0       0
  0.732934998E+3 -0.920899963E+1  0.000000000E+0
31     128       0       1       0       0       0       0       0
  0.754444031E+3 -0.713100004E+1  0.000000000E+0
31     129       0       1       0       0       0       0       0
  0.775824036E+3 -0.513699961E+1  0.000000000E+0
31     130       0       1       0       0       0       0       0
  0.796979004E+3 -0.326600003E+1  0.000000000E+0
31     131       0       1       0       0       0       0       0
  0.817882019E+3 -0.154799998E+1  0.000000000E+0
31     132       0       1       0       0       0       0       0
  0.838504028E+3 -0.300000003E-2  0.000000000E+0
31     133       0       1       0       0       0       0       0
  0.858744019E+3  0.134899998E+1  0.000000000E+0
31     134       0       1       0       0       0       0       0
  0.878482971E+3  0.245500016E+1  0.000000000E+0
31     135       0       1       0       0       0       0       0
  0.897696960E+3  0.323499990E+1  0.000000000E+0
31     136       0       1       0       0       0       0       0
  0.916459045E+3  0.363100004E+1  0.000000000E+0
31     137       0       1       0       0       0       0       0
  0.934858948E+3  0.362100005E+1  0.000000000E+0
31     138       0       1       0       0       0       0       0
  0.952955017E+3  0.319300008E+1  0.000000000E+0
31     139       0       1       0       0       0       0       0
  0.970785034E+3  0.233800006E+1  0.000000000E+0
31     140       0       1       0       0       0       0       0
  0.988379028E+3  0.107000005E+1  0.000000000E+0
99       0       0       1       0       0       0       0       0
