25       0       0       1       0       0       0       0       0
P3/PATRAN --------------------
26       0       0       1       0       0       0       0       0
 26-10-19   22:06:23         3.0
31       1       0       1       0       0       0       0       0
  0.100000000E+1  0.000000000E+0  0.000000000E+0
31       2       0       1       0       0       0       0       0
  0.987798989E+0  0.219299993E-2  0.000000000E+0
31       3       0       1       0       0       0       0       0
  0.968558013E+0  0.560700009E-2  0.000000000E+0
31       4       0       1       0       0       0       0       0
  0.948283017E+0  0.914699957E-2  0.000000000E+0
31       5       0       1       0       0       0       0       0
  0.927196980E+0  0.127800005E-1  0.000000000E+0
31       6       0       1       0       0       0       0       0
  0.905557990E+0  0.165090002E-1  0.000000000E+0
31       7       0       1       0       0       0       0       0
  0.883530021E+0  0.203649998E-1  0.000000000E+0
31       8       0       1       0       0       0       0       0
  0.861177981E+0  0.243229996E-1  0.000000000E+0
31       9       0       1       0       0       0       0       0
  0.838580012E+0  0.283199996E-1  0.000000000E+0
31      10       0       1       0       0       0       0       0
  0.815853000E+0  0.323069990E-1  0.000000000E+0
31      11       0       1       0       0       0       0       0
  0.793102026E+0  0.362589993E-1  0.000000000E+0
31      12       0       1       0       0       0       0       0
  0.770398974E+0  0.401519984E-1  0.000000000E+0
31      13       0       1       0       0       0       0       0
  0.747783005E+0  0.439580008E-1  0.000000000E+0
31      14       0       1       0       0       0       0       0
  0.725265980E+0  0.476530008E-1  0.000000000E+0
31      15       0       1       0       0       0       0       0
  0.702854991E+0  0.512199998E-1  0.000000000E+0
31      16       0       1       0       0       0       0       0
  0.680559993E+0  0.546430014E-1  0.000000000E+0
31      17       0       1       0       0       0       0       0
  0.658384979E+0  0.579049997E-1  0.000000000E+0
31      18       0       1       0       0       0       0       0
  0.636314988E+0  0.609910004E-1  0.000000000E+0
31      19       0       1       0       0       0       0       0
  0.614332020E+0  0.638929978E-1  0.000000000E+0
31      20       0       1       0       0       0       0       0
  0.592451990E+0  0.666050017E-1  0.000000000E+0
31      21       0       1       0       0       0       0       0
  0.570704997E+0  0.691059977E-1  0.000000000E+0
31      22       0       1       0       0       0       0       0
  0.549073994E+0  0.713730007E-1  0.000000000E+0
31      23       0       1       0       0       0       0       0
  0.527478993E+0  0.733989999E-1  0.000000000E+0
31      24       0       1       0       0       0       0       0
  0.505877972E+0  0.752099976E-1  0.000000000E+0
31      25       0       1       0       0       0       0       0
  0.484358013E+0  0.768250003E-1  0.000000000E+0
31      26       0       1       0       0       0       0       0
  0.463036001E+0  0.782079995E-1  0.000000000E+0
31      27       0       1       0       0       0       0       0
  0.441922992E+0  0.793080032E-1  0.000000000E+0
31      28       0       1       0       0       0       0       0
  0.420935988E+0  0.801040009E-1  0.000000000E+0
31      29       0       1       0       0       0       0       0
  0.400023013E+0  0.806069970E-1  0.000000000E+0
31      30       0       1       0       0       0       0       0
  0.379198015E+0  0.808200017E-1  0.000000000E+0
31      31       0       1       0       0       0       0       0
  0.358500004E+0  0.807349980E-1  0.000000000E+0
31      32       0       1       0       0       0       0       0
  0.337936997E+0  0.803439990E-1  0.000000000E+0
31      33       0       1       0       0       0       0       0
  0.317501009E+0  0.796469972E-1  0.000000000E+0
31      34       0       1       0       0       0       0       0
  0.297219008E+0  0.786539987E-1  0.000000000E+0
31      35       0       1       0       0       0       0       0
  0.277155995E+0  0.773790032E-1  0.000000000E+0
31      36       0       1       0       0       0       0       0
  0.257398993E+0  0.758310035E-1  0.000000000E+0
31      37       0       1       0       0       0       0       0
  0.238037005E+0  0.740239993E-1  0.000000000E+0
31      38       0       1       0       0       0       0       0
  0.219171003E+0  0.719780028E-1  0.000000000E+0
31      39       0       1       0       0       0       0       0
  0.200947002E+0  0.697270036E-1  0.000000000E+0
31      40       0       1       0       0       0       0       0
  0.183530003E+0  0.673120022E-1  0.000000000E+0
31      41       0       1       0       0       0       0       0
  0.167061999E+0  0.647739992E-1  0.000000000E+0
31      42       0       1       0       0       0       0       0
  0.151629999E+0  0.621519983E-1  0.000000000E+0
31      43       0       1       0       0       0       0       0
  0.137261003E+0  0.594800003E-1  0.000000000E+0
31      44       0       1       0       0       0       0       0
  0.123972997E+0  0.567910001E-1  0.000000000E+0
31      45       0       1       0       0       0       0       0
  0.111795999E+0  0.541209988E-1  0.000000000E+0
31      46       0       1       0       0       0       0       0
  0.100730002E+0  0.515079983E-1  0.000000000E+0
31      47       0       1       0       0       0       0       0
  0.907199979E-1  0.489780009E-1  0.000000000E+0
31      48       0       1       0       0       0       0       0
  0.816790015E-1  0.465379991E-1  0.000000000E+0
31      49       0       1       0       0       0       0       0
  0.735019967E-1  0.441850014E-1  0.000000000E+0
31      50       0       1       0       0       0       0       0
  0.660820007E-1  0.419140011E-1  0.000000000E+0
31      51       0       1       0       0       0       0       0
  0.593230017E-1  0.397160016E-1  0.000000000E+0
31      52       0       1       0       0       0       0       0
  0.531420000E-1  0.375850014E-1  0.000000000E+0
31      53       0       1       0       0       0       0       0
  0.474679992E-1  0.355140008E-1  0.000000000E+0
31      54       0       1       0       0       0       0       0
  0.422380008E-1  0.334980004E-1  0.000000000E+0
31      55       0       1       0       0       0       0       0
  0.374040008E-1  0.315239988E-1  0.000000000E+0
31      56       0       1       0       0       0       0       0
  0.329280011E-1  0.295860004E-1  0.000000000E+0
31      57       0       1       0       0       0       0       0
  0.287730005E-1  0.276769996E-1  0.000000000E+0
31      58       0       1       0       0       0       0       0
  0.249109995E-1  0.257959999E-1  0.000000000E+0
31      59       0       1       0       0       0       0       0
  0.213130005E-1  0.239390004E-1  0.000000000E+0
31      60       0       1       0       0       0       0       0
  0.179670006E-1  0.220940001E-1  0.000000000E+0
31      61       0       1       0       0       0       0       0
  0.148710003E-1  0.202380009E-1  0.000000000E+0
31      62       0       1       0       0       0       0       0
  0.120179998E-1  0.183499996E-1  0.000000000E+0
31      63       0       1       0       0       0       0       0
  0.939899962E-2  0.164180007E-1  0.000000000E+0
31      64       0       1       0       0       0       0       0
  0.700500002E-2  0.144269997E-1  0.000000000E+0
31      65       0       1       0       0       0       0       0
  0.482799998E-2  0.123690004E-1  0.000000000E+0
31      66       0       1       0       0       0       0       0
  0.297900010E-2  0.102019999E-1  0.000000000E+0
31      67       0       1       0       0       0       0       0
  0.160399999E-2  0.787600037E-2  0.000000000E+0
31      68       0       1       0       0       0       0       0
  0.674000010E-3  0.539499987E-2  0.000000000E+0
31      69       0       1       0       0       0       0       0
  0.150000007E-3  0.276799989E-2  0.000000000E+0
31      70       0       1       0       0       0       0       0
  0.299999992E-4  0.140900002E-2  0.000000000E+0
31      71       0       1       0       0       0       0       0
  0.000000000E+0  0.000000000E+0  0.000000000E+0
31      72       0       1       0       0       0       0       0
  0.112000003E-2 -0.236500008E-2  0.000000000E+0
31      73       0       1       0       0       0       0       0
  0.245900010E-2 -0.449599978E-2  0.000000000E+0
31      74       0       1       0       0       0       0       0
  0.409100018E-2 -0.647199992E-2  0.000000000E+0
31      75       0       1       0       0       0       0       0
  0.602799980E-2 -0.824499968E-2  0.000000000E+0
31      76       0       1       0       0       0       0       0
  0.829800032E-2 -0.980400015E-2  0.000000000E+0
31      77       0       1       0       0       0       0       0
  0.108279996E-1 -0.111929998E-1  0.000000000E+0
31      78       0       1       0       0       0       0       0
  0.135509996E-1 -0.124690002E-1  0.000000000E+0
31      79       0       1       0       0       0       0       0
  0.164659992E-1 -0.136590004E-1  0.000000000E+0
31      80       0       1       0       0       0       0       0
  0.195780005E-1 -0.147829996E-1  0.000000000E+0
31      81       0       1       0       0       0       0       0
  0.229010005E-1 -0.158539992E-1  0.000000000E+0
31      82       0       1       0       0       0       0       0
  0.264449995E-1 -0.168880001E-1  0.000000000E+0
31      83       0       1       0       0       0       0       0
  0.302230008E-1 -0.179060008E-1  0.000000000E+0
31      84       0       1       0       0       0       0       0
  0.342530012E-1 -0.189169999E-1  0.000000000E+0
31      85       0       1       0       0       0       0       0
  0.385629982E-1 -0.199239999E-1  0.000000000E+0
31      86       0       1       0       0       0       0       0
  0.431829989E-1 -0.209270008E-1  0.000000000E+0
31      87       0       1       0       0       0       0       0
  0.481490009E-1 -0.219299998E-1  0.000000000E+0
31      88       0       1       0       0       0       0       0
  0.535020009E-1 -0.229419991E-1  0.000000000E+0
31      89       0       1       0       0       0       0       0
  0.592910014E-1 -0.239690002E-1  0.000000000E+0
31      90       0       1       0       0       0       0       0
  0.655800030E-1 -0.250129998E-1  0.000000000E+0
31      91       0       1       0       0       0       0       0
  0.724399984E-1 -0.260729995E-1  0.000000000E+0
31      92       0       1       0       0       0       0       0
  0.799589977E-1 -0.271470007E-1  0.000000000E+0
31      93       0       1       0       0       0       0       0
  0.882389992E-1 -0.282349996E-1  0.000000000E+0
31      94       0       1       0       0       0       0       0
  0.973989964E-1 -0.293390006E-1  0.000000000E+0
31      95       0       1       0       0       0       0       0
  0.107556999E+0 -0.304620005E-1  0.000000000E+0
31      96       0       1       0       0       0       0       0
  0.118812002E+0 -0.316010006E-1  0.000000000E+0
31      97       0       1       0       0       0       0       0
  0.131225005E+0 -0.327409990E-1  0.000000000E+0
31      98       0       1       0       0       0       0       0
  0.144798994E+0 -0.338639989E-1  0.000000000E+0
31      99       0       1       0       0       0       0       0
  0.159503996E+0 -0.349519998E-1  0.000000000E+0
31     100       0       1       0       0       0       0       0
  0.175318003E+0 -0.359879993E-1  0.000000000E+0
31     101       0       1       0       0       0       0       0
  0.192192003E+0 -0.369459987E-1  0.000000000E+0
31     102       0       1       0       0       0       0       0
  0.210020006E+0 -0.377959982E-1  0.000000000E+0
31     103       0       1       0       0       0       0       0
  0.228653997E+0 -0.385150015E-1  0.000000000E+0
31     104       0       1       0       0       0       0       0
  0.247924000E+0 -0.390900001E-1  0.000000000E+0
31     105       0       1       0       0       0       0       0
  0.267670006E+0 -0.395100005E-1  0.000000000E+0
31     106       0       1       0       0       0       0       0
  0.287761003E+0 -0.397659987E-1  0.000000000E+0
31     107       0       1       0       0       0       0       0
  0.308088005E+0 -0.398450010E-1  0.000000000E+0
31     108       0       1       0       0       0       0       0
  0.328572005E+0 -0.397370011E-1  0.000000000E+0
31     109       0       1       0       0       0       0       0
  0.349168003E+0 -0.394299999E-1  0.000000000E+0
31     110       0       1       0       0       0       0       0
  0.369866997E+0 -0.389139988E-1  0.000000000E+0
31     111       0       1       0       0       0       0       0
  0.390682012E+0 -0.381960012E-1  0.000000000E+0
31     112       0       1       0       0       0       0       0
  0.411612988E+0 -0.372840017E-1  0.000000000E+0
31     113       0       1       0       0       0       0       0
  0.432655007E+0 -0.361899994E-1  0.000000000E+0
31     114       0       1       0       0       0       0       0
  0.453805000E+0 -0.349220000E-1  0.000000000E+0
31     115       0       1       0       0       0       0       0
  0.475068003E+0 -0.334930010E-1  0.000000000E+0
31     116       0       1       0       0       0       0       0
  0.496436000E+0 -0.319159999E-1  0.000000000E+0
31     117       0       1       0       0       0       0       0
  0.517885983E+0 -0.302050002E-1  0.000000000E+0
31     118       0       1       0       0       0       0       0
  0.539394975E+0 -0.283700004E-1  0.000000000E+0
31     119       0       1       0       0       0       0       0
  0.560972989E+0 -0.264129993E-1  0.000000000E+0
31     120       0       1       0       0       0       0       0
  0.582646012E+0 -0.243710000E-1  0.000000000E+0
31     121       0       1       0       0       0       0       0
  0.604357004E+0 -0.223159995E-1  0.000000000E+0
31     122       0       1       0       0       0       0       0
  0.625962019E+0 -0.202799998E-1  0.000000000E+0
31     123       0       1       0       0       0       0       0
  0.647381008E+0 -0.181799997E-1  0.000000000E+0
31     124       0       1       0       0       0       0       0
  0.668684006E+0 -0.159380008E-1  0.000000000E+0
31     125       0       1       0       0       0       0       0
  0.690006971E+0 -0.136259999E-1  0.000000000E+0
31     126       0       1       0       0       0       0       0
  0.711427987E+0 -0.113669997E-1  0.000000000E+0
31     127       0       1       0       0       0       0       0
  0.732935011E+0 -0.920899957E-2  0.000000000E+0
31     128       0       1       0       0       0       0       0
  0.754444003E+0 -0.713100005E-2  0.000000000E+0
31     129       0       1       0       0       0       0       0
  0.775824010E+0 -0.513699977E-2  0.000000000E+0
31     130       0       1       0       0       0       0       0
  0.796979010E+0 -0.326599996E-2  0.000000000E+0
31     131       0       1       0       0       0       0       0
  0.817882001E+0 -0.154800003E-2  0.000000000E+0
31     132       0       1       0       0       0       0       0
  0.838504016E+0 -0.300000011E-5  0.000000000E+0
31     133       0       1       0       0       0       0       0
  0.858744025E+0  0.134900003E-2  0.000000000E+0
31     134       0       1       0       0       0       0       0
  0.878482997E+0  0.245500007E-2  0.000000000E+0
31     135       0       1       0       0       0       0       0
  0.897696972E+0  0.323499995E-2  0.000000000E+0
31     136       0       1       0       0       0       0       0
  0.916459024E+0  0.363099994E-2  0.000000000E+0
31     137       0       1       0       0       0       0       0
  0.934858978E+0  0.362100010E-2  0.000000000E+0
31     138       0       1       0       0       0       0       0
  0.952955008E+0  0.319300010E-2  0.000000000E+0
31     139       0       1       0       0       0       0       0
  0.970785022E+0  0.233800011E-2  0.000000000E+0
31     140       0       1       0       0       0       0       0
  0.988379002E+0  0.107000000E-2  0.000000000E+0
99       0       0       1       0       0       0       0       0
